[0m22:10:02.351228 [debug] [MainThread]: Sending event: {'category': 'dbt', 'action': 'invocation', 'label': 'start', 'context': [<snowplow_tracker.self_describing_json.SelfDescribingJson object at 0x72cef10c1640>, <snowplow_tracker.self_describing_json.SelfDescribingJson object at 0x72cef0ec3f50>, <snowplow_tracker.self_describing_json.SelfDescribingJson object at 0x72cef06e4770>]}


============================== 22:10:02.355848 | 3c30a99b-9d6e-4046-b06d-24cfad445f26 ==============================
[0m22:10:02.355848 [info ] [MainThread]: Running with dbt=1.10.13
[0m22:10:02.356698 [debug] [MainThread]: running dbt with arguments {'no_print': 'None', 'partial_parse': 'True', 'write_json': 'True', 'debug': 'False', 'log_cache_events': 'False', 'quiet': 'False', 'indirect_selection': 'eager', 'static_parser': 'True', 'warn_error': 'None', 'empty': 'None', 'fail_fast': 'False', 'target_path': 'None', 'profiles_dir': '/home/codespace/.dbt', 'send_anonymous_usage_stats': 'True', 'cache_selected_only': 'False', 'log_format': 'default', 'warn_error_options': 'WarnErrorOptionsV2(error=[], warn=[], silence=[])', 'use_colors': 'True', 'printer_width': '80', 'log_path': 'logs', 'invocation_command': 'dbt init meu_projeto_dbt', 'introspect': 'True', 'version_check': 'True', 'use_experimental_parser': 'False'}
[0m22:10:02.368718 [info ] [MainThread]: Creating dbt configuration folder at /home/codespace/.dbt
[0m22:10:02.370313 [debug] [MainThread]: Starter project path: /usr/local/python/3.12.1/lib/python3.12/site-packages/dbt/include/starter_project
[0m22:10:02.377654 [info ] [MainThread]: 
Your new dbt project "meu_projeto_dbt" was created!

For more information on how to configure the profiles.yml file,
please consult the dbt documentation here:

  https://docs.getdbt.com/docs/configure-your-profile

One more thing:

Need help? Don't hesitate to reach out to us via GitHub issues or on Slack:

  https://community.getdbt.com/

Happy modeling!

[0m22:10:02.378846 [info ] [MainThread]: Setting up your profile.
[0m22:22:18.834381 [info ] [MainThread]: Profile meu_projeto_dbt written to /home/codespace/.dbt/profiles.yml using target's profile_template.yml and your supplied values. Run 'dbt debug' to validate the connection.
[0m22:22:18.835636 [debug] [MainThread]: Resource report: {"command_name": "init", "command_success": true, "command_wall_clock_time": 736.54486, "process_in_blocks": "176448", "process_kernel_time": 0.834706, "process_mem_max_rss": "394540", "process_out_blocks": "80", "process_user_time": 4.075214}
[0m22:22:18.837189 [debug] [MainThread]: Command `dbt init` succeeded at 22:22:18.837058 after 736.55 seconds
[0m22:22:18.837818 [debug] [MainThread]: Sending event: {'category': 'dbt', 'action': 'invocation', 'label': 'end', 'context': [<snowplow_tracker.self_describing_json.SelfDescribingJson object at 0x72cef1b9c3e0>, <snowplow_tracker.self_describing_json.SelfDescribingJson object at 0x72ced4d21df0>, <snowplow_tracker.self_describing_json.SelfDescribingJson object at 0x72ced49b75f0>]}
[0m22:22:18.838414 [debug] [MainThread]: Flushing usage events
[0m22:22:18.895052 [debug] [MainThread]: An error was encountered while trying to flush usage events
[0m22:22:47.876213 [debug] [MainThread]: Sending event: {'category': 'dbt', 'action': 'invocation', 'label': 'start', 'context': [<snowplow_tracker.self_describing_json.SelfDescribingJson object at 0x7b0fdad8e7e0>, <snowplow_tracker.self_describing_json.SelfDescribingJson object at 0x7b0fdb253560>, <snowplow_tracker.self_describing_json.SelfDescribingJson object at 0x7b0fdd3f3080>]}


============================== 22:22:47.879796 | 2215234b-ef0f-42b8-9ea7-e3c470b98e96 ==============================
[0m22:22:47.879796 [info ] [MainThread]: Running with dbt=1.10.13
[0m22:22:47.880707 [debug] [MainThread]: running dbt with arguments {'partial_parse': 'True', 'use_experimental_parser': 'False', 'profiles_dir': '/home/codespace/.dbt', 'write_json': 'True', 'debug': 'False', 'indirect_selection': 'eager', 'empty': 'None', 'quiet': 'False', 'fail_fast': 'False', 'invocation_command': 'dbt debug', 'cache_selected_only': 'False', 'static_parser': 'True', 'no_print': 'None', 'version_check': 'True', 'log_cache_events': 'False', 'log_format': 'default', 'warn_error': 'None', 'printer_width': '80', 'target_path': 'None', 'introspect': 'True', 'warn_error_options': 'WarnErrorOptionsV2(error=[], warn=[], silence=[])', 'send_anonymous_usage_stats': 'True', 'log_path': 'logs', 'use_colors': 'True'}
[0m22:22:47.892131 [info ] [MainThread]: dbt version: 1.10.13
[0m22:22:47.892736 [info ] [MainThread]: python version: 3.12.1
[0m22:22:47.893294 [info ] [MainThread]: python path: /usr/local/python/3.12.1/bin/python3
[0m22:22:47.893830 [info ] [MainThread]: os info: Linux-6.8.0-1030-azure-x86_64-with-glibc2.39
[0m22:22:50.601885 [info ] [MainThread]: Using profiles dir at /home/codespace/.dbt
[0m22:22:50.602601 [info ] [MainThread]: Using profiles.yml file at /home/codespace/.dbt/profiles.yml
[0m22:22:50.603273 [info ] [MainThread]: Using dbt_project.yml file at /workspaces/gcp-taxi-pipeline/dbt_project.yml
[0m22:22:50.603835 [info ] [MainThread]: adapter type: bigquery
[0m22:22:50.604395 [info ] [MainThread]: adapter version: 1.10.2
[0m22:22:50.604986 [info ] [MainThread]: Configuration:
[0m22:22:50.605518 [info ] [MainThread]:   profiles.yml file [[32mOK found and valid[0m]
[0m22:22:50.606086 [info ] [MainThread]:   dbt_project.yml file [[31mERROR not found[0m]
[0m22:22:50.606614 [info ] [MainThread]: Required dependencies:
[0m22:22:50.607290 [debug] [MainThread]: Executing "git --help"
[0m22:22:50.611543 [debug] [MainThread]: STDOUT: "b"usage: git [-v | --version] [-h | --help] [-C <path>] [-c <name>=<value>]\n           [--exec-path[=<path>]] [--html-path] [--man-path] [--info-path]\n           [-p | --paginate | -P | --no-pager] [--no-replace-objects] [--no-lazy-fetch]\n           [--no-optional-locks] [--no-advice] [--bare] [--git-dir=<path>]\n           [--work-tree=<path>] [--namespace=<name>] [--config-env=<name>=<envvar>]\n           <command> [<args>]\n\nThese are common Git commands used in various situations:\n\nstart a working area (see also: git help tutorial)\n   clone      Clone a repository into a new directory\n   init       Create an empty Git repository or reinitialize an existing one\n\nwork on the current change (see also: git help everyday)\n   add        Add file contents to the index\n   mv         Move or rename a file, a directory, or a symlink\n   restore    Restore working tree files\n   rm         Remove files from the working tree and from the index\n\nexamine the history and state (see also: git help revisions)\n   bisect     Use binary search to find the commit that introduced a bug\n   diff       Show changes between commits, commit and working tree, etc\n   grep       Print lines matching a pattern\n   log        Show commit logs\n   show       Show various types of objects\n   status     Show the working tree status\n\ngrow, mark and tweak your common history\n   backfill   Download missing objects in a partial clone\n   branch     List, create, or delete branches\n   commit     Record changes to the repository\n   merge      Join two or more development histories together\n   rebase     Reapply commits on top of another base tip\n   reset      Reset current HEAD to the specified state\n   switch     Switch branches\n   tag        Create, list, delete or verify a tag object signed with GPG\n\ncollaborate (see also: git help workflows)\n   fetch      Download objects and refs from another repository\n   pull       Fetch from and integrate with another repository or a local branch\n   push       Update remote refs along with associated objects\n\n'git help -a' and 'git help -g' list available subcommands and some\nconcept guides. See 'git help <command>' or 'git help <concept>'\nto read about a specific subcommand or concept.\nSee 'git help git' for an overview of the system.\n""
[0m22:22:50.612106 [debug] [MainThread]: STDERR: "b''"
[0m22:22:50.612580 [info ] [MainThread]:  - git [[32mOK found[0m]

[0m22:22:50.613165 [info ] [MainThread]: Connection:
[0m22:22:50.613753 [info ] [MainThread]:   method: service-account
[0m22:22:50.614325 [info ] [MainThread]:   database: nyc-taxi-pipeline-476321
[0m22:22:50.614896 [info ] [MainThread]:   execution_project: nyc-taxi-pipeline-476321
[0m22:22:50.615451 [info ] [MainThread]:   schema: nyc_taxi_analytics
[0m22:22:50.616061 [info ] [MainThread]:   location: US
[0m22:22:50.616692 [info ] [MainThread]:   priority: interactive
[0m22:22:50.617369 [info ] [MainThread]:   maximum_bytes_billed: None
[0m22:22:50.617940 [info ] [MainThread]:   impersonate_service_account: None
[0m22:22:50.618553 [info ] [MainThread]:   job_retry_deadline_seconds: None
[0m22:22:50.619180 [info ] [MainThread]:   job_retries: 1
[0m22:22:50.619764 [info ] [MainThread]:   job_creation_timeout_seconds: None
[0m22:22:50.620467 [info ] [MainThread]:   job_execution_timeout_seconds: 300
[0m22:22:50.621208 [info ] [MainThread]:   timeout_seconds: 300
[0m22:22:50.621918 [info ] [MainThread]:   client_id: None
[0m22:22:50.622556 [info ] [MainThread]:   token_uri: None
[0m22:22:50.623101 [info ] [MainThread]:   compute_region: None
[0m22:22:50.623688 [info ] [MainThread]:   dataproc_cluster_name: None
[0m22:22:50.624425 [info ] [MainThread]:   gcs_bucket: None
[0m22:22:50.624988 [info ] [MainThread]:   dataproc_batch: None
[0m22:22:50.625825 [info ] [MainThread]: Registered adapter: bigquery=1.10.2
[0m22:22:50.969207 [debug] [MainThread]: Acquiring new bigquery connection 'debug'
[0m22:22:50.969835 [debug] [MainThread]: On debug: select 1 as id
[0m22:22:50.970399 [debug] [MainThread]: Opening a new connection, currently in state init
[0m22:22:50.970968 [debug] [MainThread]: BigQuery adapter: Got an error when attempting to create a bigquery " "client: '[Errno 2] No such file or directory: '/path/to/your/service_account_keyfile.json''
[0m22:22:50.971580 [debug] [MainThread]: BigQuery adapter: Unhandled error while running:
select 1 as id
[0m22:22:50.972096 [debug] [MainThread]: BigQuery adapter: Database Error
  [Errno 2] No such file or directory: '/path/to/your/service_account_keyfile.json'
[0m22:22:50.972587 [info ] [MainThread]:   Connection test: [[31mERROR[0m]

[0m22:22:50.973284 [info ] [MainThread]: [31m2 checks failed:[0m
[0m22:22:50.973979 [info ] [MainThread]: Project loading failed for the following reason:
 project path </workspaces/gcp-taxi-pipeline/dbt_project.yml> not found

[0m22:22:50.974540 [info ] [MainThread]: dbt was unable to connect to the specified database.
The database returned the following error:

  >'NoneType' object has no attribute 'close'

Check your database credentials and try again. For more information, visit:
https://docs.getdbt.com/docs/configure-your-profile


[0m22:22:50.975365 [debug] [MainThread]: Resource report: {"command_name": "debug", "command_success": false, "command_wall_clock_time": 3.1727004, "process_in_blocks": "61784", "process_kernel_time": 0.726816, "process_mem_max_rss": "393880", "process_out_blocks": "32", "process_user_time": 4.166286}
[0m22:22:50.976312 [debug] [MainThread]: Command `dbt debug` failed at 22:22:50.976180 after 3.17 seconds
[0m22:22:50.976901 [debug] [MainThread]: Sending event: {'category': 'dbt', 'action': 'invocation', 'label': 'end', 'context': [<snowplow_tracker.self_describing_json.SelfDescribingJson object at 0x7b0fda949d60>, <snowplow_tracker.self_describing_json.SelfDescribingJson object at 0x7b0fbecd10a0>, <snowplow_tracker.self_describing_json.SelfDescribingJson object at 0x7b0fbe592510>]}
[0m22:22:50.977464 [debug] [MainThread]: Flushing usage events
[0m22:22:51.020360 [debug] [MainThread]: An error was encountered while trying to flush usage events
